<?xml version="1.0" encoding="UTF-8"?>
<!-- Generated by org.testng.reporters.JUnitXMLReporter -->
<testsuite ignored="0" hostname="LAPTOP-NTBPMJL5" failures="0" tests="5" name="Default test" time="3.528" errors="0" timestamp="2024-06-14T18:16:07 PDT">
  <testcase classname="testCases.SampleTest" name="verifyUrl" time="0.095"/>
  <testcase classname="testCases.SampleTest" name="loginPage" time="0.468"/>
  <testcase classname="testCases.SampleTest" name="verifyHomePage" time="0.04"/>
  <testcase classname="testCases.SampleTest" name="addItemsToCart" time="0.133"/>
  <testcase classname="testCases.SampleTest" name="verifyItemsOnShoppingCart" time="0.05"/>
</testsuite> <!-- Default test -->
