<?xml version="1.0" encoding="UTF-8"?>
<!-- Generated by org.testng.reporters.JUnitXMLReporter -->
<testsuite ignored="0" hostname="LAPTOP-NTBPMJL5" failures="0" tests="4" name="Test" time="3.774" errors="0" timestamp="2024-06-14T17:43:30 PDT">
  <testcase classname="testCases.SampleTest" name="verifyUrl" time="0.102"/>
  <testcase classname="testCases.SampleTest" name="loginPage" time="0.46"/>
  <testcase classname="testCases.SampleTest" name="verifyHomePage" time="0.039"/>
  <testcase classname="testCases.SampleTest" name="addItemsToCart" time="0.125"/>
</testsuite> <!-- Test -->
